Determining if the pthread_create exist failed with the following output:
Change Dir: /home/sd/git/OpenFly/base/Release/CMakeFiles/CMakeTmp

Run Build Command:"/usr/bin/make" "cmTC_862de/fast"
/usr/bin/make -f CMakeFiles/cmTC_862de.dir/build.make CMakeFiles/cmTC_862de.dir/build
make[1]: Entering directory '/home/sd/git/OpenFly/base/Release/CMakeFiles/CMakeTmp'
Building C object CMakeFiles/cmTC_862de.dir/CheckSymbolExists.c.o
/usr/bin/cc     -o CMakeFiles/cmTC_862de.dir/CheckSymbolExists.c.o   -c /home/sd/git/OpenFly/base/Release/CMakeFiles/CMakeTmp/CheckSymbolExists.c
Linking C executable cmTC_862de
/usr/bin/cmake -E cmake_link_script CMakeFiles/cmTC_862de.dir/link.txt --verbose=1
/usr/bin/cc       CMakeFiles/cmTC_862de.dir/CheckSymbolExists.c.o  -o cmTC_862de -rdynamic 
CMakeFiles/cmTC_862de.dir/CheckSymbolExists.c.o: In function `main':
CheckSymbolExists.c:(.text+0x16): undefined reference to `pthread_create'
collect2: error: ld returned 1 exit status
CMakeFiles/cmTC_862de.dir/build.make:97: recipe for target 'cmTC_862de' failed
make[1]: *** [cmTC_862de] Error 1
make[1]: Leaving directory '/home/sd/git/OpenFly/base/Release/CMakeFiles/CMakeTmp'
Makefile:126: recipe for target 'cmTC_862de/fast' failed
make: *** [cmTC_862de/fast] Error 2

File /home/sd/git/OpenFly/base/Release/CMakeFiles/CMakeTmp/CheckSymbolExists.c:
/* */
#include <pthread.h>

int main(int argc, char** argv)
{
  (void)argv;
#ifndef pthread_create
  return ((int*)(&pthread_create))[argc];
#else
  (void)argc;
  return 0;
#endif
}

Determining if the function pthread_create exists in the pthreads failed with the following output:
Change Dir: /home/sd/git/OpenFly/base/Release/CMakeFiles/CMakeTmp

Run Build Command:"/usr/bin/make" "cmTC_cfaa2/fast"
/usr/bin/make -f CMakeFiles/cmTC_cfaa2.dir/build.make CMakeFiles/cmTC_cfaa2.dir/build
make[1]: Entering directory '/home/sd/git/OpenFly/base/Release/CMakeFiles/CMakeTmp'
Building C object CMakeFiles/cmTC_cfaa2.dir/CheckFunctionExists.c.o
/usr/bin/cc    -DCHECK_FUNCTION_EXISTS=pthread_create   -o CMakeFiles/cmTC_cfaa2.dir/CheckFunctionExists.c.o   -c /usr/share/cmake-3.5/Modules/CheckFunctionExists.c
Linking C executable cmTC_cfaa2
/usr/bin/cmake -E cmake_link_script CMakeFiles/cmTC_cfaa2.dir/link.txt --verbose=1
/usr/bin/cc   -DCHECK_FUNCTION_EXISTS=pthread_create    CMakeFiles/cmTC_cfaa2.dir/CheckFunctionExists.c.o  -o cmTC_cfaa2 -rdynamic -lpthreads 
/usr/bin/ld: cannot find -lpthreads
collect2: error: ld returned 1 exit status
CMakeFiles/cmTC_cfaa2.dir/build.make:97: recipe for target 'cmTC_cfaa2' failed
make[1]: *** [cmTC_cfaa2] Error 1
make[1]: Leaving directory '/home/sd/git/OpenFly/base/Release/CMakeFiles/CMakeTmp'
Makefile:126: recipe for target 'cmTC_cfaa2/fast' failed
make: *** [cmTC_cfaa2/fast] Error 2


